=~=~=~=~=~=~=~=~=~=~=~= PuTTY log 2025.07.23 10:36:57 =~=~=~=~=~=~=~=~=~=~=~=
8.85
10.10
8.75
10.20
8.39
8.75
9.19
7.08
4.92
4.49
5.57
6.77
8.16
21.66
20.70
20.70
20.60
20.70
20.70
20.60
7.84
3.84
4.92
4.60
4.60
6.88
20.92
21.03
21.03
21.03
21.03
21.03
21.03
21.03
20.60
21.03
21.03
20.68
20.70
20.70
20.70
20.70
20.70
20.70
20.70
20.60
20.70
20.70
20.60
20.70
20.70
20.60
20.70
20.70
20.70
20.70
20.70
20.70
20.70
20.68
20.70
20.70
20.60
20.70
20.70
20.60
20.70
20.70
20.70
20.70
20.70
21.03
21.03
20.92
21.03
21.99
21.97
20.70
20.70
21.99
20.70
20.58
20.70
20.70
20.60
20.70
20.70
20.70
20.70
20.70
20.70
20.70
20.60
20.70
20.70
20.60
20.72
20.70
20.60
20.70
20.70
20.70
20.70
20.70
20.70
20.70
21.88
21.01
21.03
20.92
21.01
21.03
21.03
21.99
20.58
20.70
20.70
20.60
20.70
20.72
20.70
20.70
20.70
20.70
20.70
20.70
20.70
20.70
20.60
20.68
20.70
20.60
20.70
20.72
20.70